ARM GAS  /tmp/ccJZr4uZ.s 			page 1


   1              		.cpu cortex-m4
   2              		.arch armv7e-m
   3              		.fpu fpv4-sp-d16
   4              		.eabi_attribute 27, 1
   5              		.eabi_attribute 28, 1
   6              		.eabi_attribute 20, 1
   7              		.eabi_attribute 21, 1
   8              		.eabi_attribute 23, 3
   9              		.eabi_attribute 24, 1
  10              		.eabi_attribute 25, 1
  11              		.eabi_attribute 26, 1
  12              		.eabi_attribute 30, 1
  13              		.eabi_attribute 34, 1
  14              		.eabi_attribute 18, 4
  15              		.file	"gpio.c"
  16              		.text
  17              	.Ltext0:
  18              		.cfi_sections	.debug_frame
  19              		.file 1 "Core/Src/gpio.c"
  20              		.section	.text.MX_GPIO_Init,"ax",%progbits
  21              		.align	1
  22              		.global	MX_GPIO_Init
  23              		.syntax unified
  24              		.thumb
  25              		.thumb_func
  27              	MX_GPIO_Init:
  28              	.LFB130:
   1:Core/Src/gpio.c **** /* USER CODE BEGIN Header */
   2:Core/Src/gpio.c **** /**
   3:Core/Src/gpio.c ****   ******************************************************************************
   4:Core/Src/gpio.c ****   * @file    gpio.c
   5:Core/Src/gpio.c ****   * @brief   This file provides code for the configuration
   6:Core/Src/gpio.c ****   *          of all used GPIO pins.
   7:Core/Src/gpio.c ****   ******************************************************************************
   8:Core/Src/gpio.c ****   * @attention
   9:Core/Src/gpio.c ****   *
  10:Core/Src/gpio.c ****   * Copyright (c) 2023 STMicroelectronics.
  11:Core/Src/gpio.c ****   * All rights reserved.
  12:Core/Src/gpio.c ****   *
  13:Core/Src/gpio.c ****   * This software is licensed under terms that can be found in the LICENSE file
  14:Core/Src/gpio.c ****   * in the root directory of this software component.
  15:Core/Src/gpio.c ****   * If no LICENSE file comes with this software, it is provided AS-IS.
  16:Core/Src/gpio.c ****   *
  17:Core/Src/gpio.c ****   ******************************************************************************
  18:Core/Src/gpio.c ****   */
  19:Core/Src/gpio.c **** /* USER CODE END Header */
  20:Core/Src/gpio.c **** 
  21:Core/Src/gpio.c **** /* Includes ------------------------------------------------------------------*/
  22:Core/Src/gpio.c **** #include "gpio.h"
  23:Core/Src/gpio.c **** 
  24:Core/Src/gpio.c **** /* USER CODE BEGIN 0 */
  25:Core/Src/gpio.c **** 
  26:Core/Src/gpio.c **** /* USER CODE END 0 */
  27:Core/Src/gpio.c **** 
  28:Core/Src/gpio.c **** /*----------------------------------------------------------------------------*/
  29:Core/Src/gpio.c **** /* Configure GPIO                                                             */
  30:Core/Src/gpio.c **** /*----------------------------------------------------------------------------*/
ARM GAS  /tmp/ccJZr4uZ.s 			page 2


  31:Core/Src/gpio.c **** /* USER CODE BEGIN 1 */
  32:Core/Src/gpio.c **** 
  33:Core/Src/gpio.c **** /* USER CODE END 1 */
  34:Core/Src/gpio.c **** 
  35:Core/Src/gpio.c **** /** Configure pins
  36:Core/Src/gpio.c **** */
  37:Core/Src/gpio.c **** void MX_GPIO_Init(void)
  38:Core/Src/gpio.c **** {
  29              		.loc 1 38 1 view -0
  30              		.cfi_startproc
  31              		@ args = 0, pretend = 0, frame = 24
  32              		@ frame_needed = 0, uses_anonymous_args = 0
  33 0000 30B5     		push	{r4, r5, lr}
  34              	.LCFI0:
  35              		.cfi_def_cfa_offset 12
  36              		.cfi_offset 4, -12
  37              		.cfi_offset 5, -8
  38              		.cfi_offset 14, -4
  39 0002 87B0     		sub	sp, sp, #28
  40              	.LCFI1:
  41              		.cfi_def_cfa_offset 40
  39:Core/Src/gpio.c **** 
  40:Core/Src/gpio.c ****   GPIO_InitTypeDef GPIO_InitStruct = {0};
  42              		.loc 1 40 3 view .LVU1
  43              		.loc 1 40 20 is_stmt 0 view .LVU2
  44 0004 0024     		movs	r4, #0
  45 0006 0194     		str	r4, [sp, #4]
  46 0008 0294     		str	r4, [sp, #8]
  47 000a 0394     		str	r4, [sp, #12]
  48 000c 0494     		str	r4, [sp, #16]
  49 000e 0594     		str	r4, [sp, #20]
  41:Core/Src/gpio.c **** 
  42:Core/Src/gpio.c ****   /* GPIO Ports Clock Enable */
  43:Core/Src/gpio.c ****   __HAL_RCC_GPIOD_CLK_ENABLE();
  50              		.loc 1 43 3 is_stmt 1 view .LVU3
  51              	.LBB2:
  52              		.loc 1 43 3 view .LVU4
  53 0010 0094     		str	r4, [sp]
  54              		.loc 1 43 3 view .LVU5
  55 0012 0F4B     		ldr	r3, .L3
  56 0014 1A6B     		ldr	r2, [r3, #48]
  57 0016 42F00802 		orr	r2, r2, #8
  58 001a 1A63     		str	r2, [r3, #48]
  59              		.loc 1 43 3 view .LVU6
  60 001c 1B6B     		ldr	r3, [r3, #48]
  61 001e 03F00803 		and	r3, r3, #8
  62 0022 0093     		str	r3, [sp]
  63              		.loc 1 43 3 view .LVU7
  64 0024 009B     		ldr	r3, [sp]
  65              	.LBE2:
  66              		.loc 1 43 3 view .LVU8
  44:Core/Src/gpio.c **** 
  45:Core/Src/gpio.c ****   /*Configure GPIO pin Output Level */
  46:Core/Src/gpio.c ****   HAL_GPIO_WritePin(GPIOD, GPIO_PIN_12|GPIO_PIN_13|GPIO_PIN_14|GPIO_PIN_15, GPIO_PIN_RESET);
  67              		.loc 1 46 3 view .LVU9
  68 0026 0B4D     		ldr	r5, .L3+4
  69 0028 2246     		mov	r2, r4
ARM GAS  /tmp/ccJZr4uZ.s 			page 3


  70 002a 4FF47041 		mov	r1, #61440
  71 002e 2846     		mov	r0, r5
  72 0030 FFF7FEFF 		bl	HAL_GPIO_WritePin
  73              	.LVL0:
  47:Core/Src/gpio.c **** 
  48:Core/Src/gpio.c ****   /*Configure GPIO pins : PD12 PD13 PD14 PD15 */
  49:Core/Src/gpio.c ****   GPIO_InitStruct.Pin = GPIO_PIN_12|GPIO_PIN_13|GPIO_PIN_14|GPIO_PIN_15;
  74              		.loc 1 49 3 view .LVU10
  75              		.loc 1 49 23 is_stmt 0 view .LVU11
  76 0034 4FF47043 		mov	r3, #61440
  77 0038 0193     		str	r3, [sp, #4]
  50:Core/Src/gpio.c ****   GPIO_InitStruct.Mode = GPIO_MODE_OUTPUT_PP;
  78              		.loc 1 50 3 is_stmt 1 view .LVU12
  79              		.loc 1 50 24 is_stmt 0 view .LVU13
  80 003a 0123     		movs	r3, #1
  81 003c 0293     		str	r3, [sp, #8]
  51:Core/Src/gpio.c ****   GPIO_InitStruct.Pull = GPIO_NOPULL;
  82              		.loc 1 51 3 is_stmt 1 view .LVU14
  83              		.loc 1 51 24 is_stmt 0 view .LVU15
  84 003e 0394     		str	r4, [sp, #12]
  52:Core/Src/gpio.c ****   GPIO_InitStruct.Speed = GPIO_SPEED_FREQ_LOW;
  85              		.loc 1 52 3 is_stmt 1 view .LVU16
  86              		.loc 1 52 25 is_stmt 0 view .LVU17
  87 0040 0494     		str	r4, [sp, #16]
  53:Core/Src/gpio.c ****   HAL_GPIO_Init(GPIOD, &GPIO_InitStruct);
  88              		.loc 1 53 3 is_stmt 1 view .LVU18
  89 0042 01A9     		add	r1, sp, #4
  90 0044 2846     		mov	r0, r5
  91 0046 FFF7FEFF 		bl	HAL_GPIO_Init
  92              	.LVL1:
  54:Core/Src/gpio.c **** 
  55:Core/Src/gpio.c **** }
  93              		.loc 1 55 1 is_stmt 0 view .LVU19
  94 004a 07B0     		add	sp, sp, #28
  95              	.LCFI2:
  96              		.cfi_def_cfa_offset 12
  97              		@ sp needed
  98 004c 30BD     		pop	{r4, r5, pc}
  99              	.L4:
 100 004e 00BF     		.align	2
 101              	.L3:
 102 0050 00380240 		.word	1073887232
 103 0054 000C0240 		.word	1073875968
 104              		.cfi_endproc
 105              	.LFE130:
 107              		.text
 108              	.Letext0:
 109              		.file 2 "/usr/lib/gcc/arm-none-eabi/12.2.1/include/stdint.h"
 110              		.file 3 "Drivers/CMSIS/Device/ST/STM32F4xx/Include/stm32f407xx.h"
 111              		.file 4 "Drivers/STM32F4xx_HAL_Driver/Inc/stm32f4xx_hal_gpio.h"
ARM GAS  /tmp/ccJZr4uZ.s 			page 4


DEFINED SYMBOLS
                            *ABS*:0000000000000000 gpio.c
     /tmp/ccJZr4uZ.s:21     .text.MX_GPIO_Init:0000000000000000 $t
     /tmp/ccJZr4uZ.s:27     .text.MX_GPIO_Init:0000000000000000 MX_GPIO_Init
     /tmp/ccJZr4uZ.s:102    .text.MX_GPIO_Init:0000000000000050 $d

UNDEFINED SYMBOLS
HAL_GPIO_WritePin
HAL_GPIO_Init
