ARM GAS  /tmp/ccBJgqRx.s 			page 1


   1              		.cpu cortex-m4
   2              		.arch armv7e-m
   3              		.fpu fpv4-sp-d16
   4              		.eabi_attribute 27, 1
   5              		.eabi_attribute 28, 1
   6              		.eabi_attribute 20, 1
   7              		.eabi_attribute 21, 1
   8              		.eabi_attribute 23, 3
   9              		.eabi_attribute 24, 1
  10              		.eabi_attribute 25, 1
  11              		.eabi_attribute 26, 1
  12              		.eabi_attribute 30, 1
  13              		.eabi_attribute 34, 1
  14              		.eabi_attribute 18, 4
  15              		.file	"main.c"
  16              		.text
  17              	.Ltext0:
  18              		.cfi_sections	.debug_frame
  19              		.file 1 "Core/Src/main.c"
  20              		.section	.text.Error_Handler,"ax",%progbits
  21              		.align	1
  22              		.global	Error_Handler
  23              		.syntax unified
  24              		.thumb
  25              		.thumb_func
  27              	Error_Handler:
  28              	.LFB132:
   1:Core/Src/main.c **** /* USER CODE BEGIN Header */
   2:Core/Src/main.c **** /**
   3:Core/Src/main.c ****   ******************************************************************************
   4:Core/Src/main.c ****   * @file           : main.c
   5:Core/Src/main.c ****   * @brief          : Main program body
   6:Core/Src/main.c ****   ******************************************************************************
   7:Core/Src/main.c ****   * @attention
   8:Core/Src/main.c ****   *
   9:Core/Src/main.c ****   * Copyright (c) 2023 STMicroelectronics.
  10:Core/Src/main.c ****   * All rights reserved.
  11:Core/Src/main.c ****   *
  12:Core/Src/main.c ****   * This software is licensed under terms that can be found in the LICENSE file
  13:Core/Src/main.c ****   * in the root directory of this software component.
  14:Core/Src/main.c ****   * If no LICENSE file comes with this software, it is provided AS-IS.
  15:Core/Src/main.c ****   *
  16:Core/Src/main.c ****   ******************************************************************************
  17:Core/Src/main.c ****   */
  18:Core/Src/main.c **** /* USER CODE END Header */
  19:Core/Src/main.c **** /* Includes ------------------------------------------------------------------*/
  20:Core/Src/main.c **** #include "main.h"
  21:Core/Src/main.c **** #include "gpio.h"
  22:Core/Src/main.c **** 
  23:Core/Src/main.c **** 
  24:Core/Src/main.c **** /* Private includes ----------------------------------------------------------*/
  25:Core/Src/main.c **** /* USER CODE BEGIN Includes */
  26:Core/Src/main.c **** #include "stepper.h"
  27:Core/Src/main.c **** /* USER CODE END Includes */
  28:Core/Src/main.c **** 
  29:Core/Src/main.c **** /* Private typedef -----------------------------------------------------------*/
  30:Core/Src/main.c **** /* USER CODE BEGIN PTD */
ARM GAS  /tmp/ccBJgqRx.s 			page 2


  31:Core/Src/main.c **** 
  32:Core/Src/main.c **** /* USER CODE END PTD */
  33:Core/Src/main.c **** 
  34:Core/Src/main.c **** /* Private define ------------------------------------------------------------*/
  35:Core/Src/main.c **** /* USER CODE BEGIN PD */
  36:Core/Src/main.c **** 
  37:Core/Src/main.c **** /* USER CODE END PD */
  38:Core/Src/main.c **** 
  39:Core/Src/main.c **** /* Private macro -------------------------------------------------------------*/
  40:Core/Src/main.c **** /* USER CODE BEGIN PM */
  41:Core/Src/main.c **** 
  42:Core/Src/main.c **** /* USER CODE END PM */
  43:Core/Src/main.c **** 
  44:Core/Src/main.c **** /* Private variables ---------------------------------------------------------*/
  45:Core/Src/main.c **** 
  46:Core/Src/main.c **** /* USER CODE BEGIN PV */
  47:Core/Src/main.c **** 
  48:Core/Src/main.c **** /* USER CODE END PV */
  49:Core/Src/main.c **** 
  50:Core/Src/main.c **** /* Private function prototypes -----------------------------------------------*/
  51:Core/Src/main.c **** void SystemClock_Config(void);
  52:Core/Src/main.c **** /* USER CODE BEGIN PFP */
  53:Core/Src/main.c **** 
  54:Core/Src/main.c **** /* USER CODE END PFP */
  55:Core/Src/main.c **** 
  56:Core/Src/main.c **** /* Private user code ---------------------------------------------------------*/
  57:Core/Src/main.c **** /* USER CODE BEGIN 0 */
  58:Core/Src/main.c **** // class stepper{
  59:Core/Src/main.c **** //   public:
  60:Core/Src/main.c **** //   int a, b,c,d;
  61:Core/Src/main.c **** //   int angle;
  62:Core/Src/main.c **** //   const int stepper_resolution =
  63:Core/Src/main.c **** 
  64:Core/Src/main.c **** // };
  65:Core/Src/main.c **** 
  66:Core/Src/main.c ****   
  67:Core/Src/main.c **** /* USER CODE END 0 */
  68:Core/Src/main.c **** 
  69:Core/Src/main.c **** /**
  70:Core/Src/main.c ****   * @brief  The application entry point.
  71:Core/Src/main.c ****   * @retval int
  72:Core/Src/main.c ****   */
  73:Core/Src/main.c **** void main(void)
  74:Core/Src/main.c **** {
  75:Core/Src/main.c ****   /* USER CODE BEGIN 1 */
  76:Core/Src/main.c ****      initStepper();
  77:Core/Src/main.c ****      //mystepper.set
  78:Core/Src/main.c **** 
  79:Core/Src/main.c ****   /* USER CODE END 1 */
  80:Core/Src/main.c **** 
  81:Core/Src/main.c ****   /* MCU Configuration--------------------------------------------------------*/
  82:Core/Src/main.c **** 
  83:Core/Src/main.c ****   /* Reset of all peripherals, Initializes the Flash interface and the Systick. */
  84:Core/Src/main.c ****   HAL_Init();
  85:Core/Src/main.c **** 
  86:Core/Src/main.c ****   /* USER CODE BEGIN Init */
  87:Core/Src/main.c **** 
ARM GAS  /tmp/ccBJgqRx.s 			page 3


  88:Core/Src/main.c ****   /* USER CODE END Init */
  89:Core/Src/main.c **** 
  90:Core/Src/main.c ****   /* Configure the system clock */
  91:Core/Src/main.c ****   SystemClock_Config();
  92:Core/Src/main.c **** 
  93:Core/Src/main.c ****   /* USER CODE BEGIN SysInit */
  94:Core/Src/main.c **** 
  95:Core/Src/main.c ****   /* USER CODE END SysInit */
  96:Core/Src/main.c **** 
  97:Core/Src/main.c ****   /* Initialize all configured peripherals */
  98:Core/Src/main.c ****   MX_GPIO_Init();
  99:Core/Src/main.c ****   /* USER CODE BEGIN 2 */
 100:Core/Src/main.c ****      int delay = 1; // in milliseconds
 101:Core/Src/main.c ****   /* USER CODE END 2 */
 102:Core/Src/main.c **** 
 103:Core/Src/main.c ****   /* Infinite loop */
 104:Core/Src/main.c ****   /* USER CODE BEGIN WHILE */
 105:Core/Src/main.c ****   while (1)
 106:Core/Src/main.c ****   {
 107:Core/Src/main.c **** 
 108:Core/Src/main.c ****     operateStepper();
 109:Core/Src/main.c ****     /* USER CODE END WHILE */
 110:Core/Src/main.c **** 
 111:Core/Src/main.c ****     /* USER CODE BEGIN 3 */
 112:Core/Src/main.c ****   }
 113:Core/Src/main.c ****   /* USER CODE END 3 */
 114:Core/Src/main.c **** }
 115:Core/Src/main.c **** 
 116:Core/Src/main.c **** /**
 117:Core/Src/main.c ****   * @brief System Clock Configuration
 118:Core/Src/main.c ****   * @retval None
 119:Core/Src/main.c ****   */
 120:Core/Src/main.c **** void SystemClock_Config(void)
 121:Core/Src/main.c **** {
 122:Core/Src/main.c ****   RCC_OscInitTypeDef RCC_OscInitStruct = {0};
 123:Core/Src/main.c ****   RCC_ClkInitTypeDef RCC_ClkInitStruct = {0};
 124:Core/Src/main.c **** 
 125:Core/Src/main.c ****   /** Configure the main internal regulator output voltage
 126:Core/Src/main.c ****   */
 127:Core/Src/main.c ****   __HAL_RCC_PWR_CLK_ENABLE();
 128:Core/Src/main.c ****   __HAL_PWR_VOLTAGESCALING_CONFIG(PWR_REGULATOR_VOLTAGE_SCALE1);
 129:Core/Src/main.c **** 
 130:Core/Src/main.c ****   /** Initializes the RCC Oscillators according to the specified parameters
 131:Core/Src/main.c ****   * in the RCC_OscInitTypeDef structure.
 132:Core/Src/main.c ****   */
 133:Core/Src/main.c ****   RCC_OscInitStruct.OscillatorType = RCC_OSCILLATORTYPE_HSI;
 134:Core/Src/main.c ****   RCC_OscInitStruct.HSIState = RCC_HSI_ON;
 135:Core/Src/main.c ****   RCC_OscInitStruct.HSICalibrationValue = RCC_HSICALIBRATION_DEFAULT;
 136:Core/Src/main.c ****   RCC_OscInitStruct.PLL.PLLState = RCC_PLL_ON;
 137:Core/Src/main.c ****   RCC_OscInitStruct.PLL.PLLSource = RCC_PLLSOURCE_HSI;
 138:Core/Src/main.c ****   RCC_OscInitStruct.PLL.PLLM = 8;
 139:Core/Src/main.c ****   RCC_OscInitStruct.PLL.PLLN = 50;
 140:Core/Src/main.c ****   RCC_OscInitStruct.PLL.PLLP = RCC_PLLP_DIV2;
 141:Core/Src/main.c ****   RCC_OscInitStruct.PLL.PLLQ = 7;
 142:Core/Src/main.c ****   if (HAL_RCC_OscConfig(&RCC_OscInitStruct) != HAL_OK)
 143:Core/Src/main.c ****   {
 144:Core/Src/main.c ****     Error_Handler();
ARM GAS  /tmp/ccBJgqRx.s 			page 4


 145:Core/Src/main.c ****   }
 146:Core/Src/main.c **** 
 147:Core/Src/main.c ****   /** Initializes the CPU, AHB and APB buses clocks
 148:Core/Src/main.c ****   */
 149:Core/Src/main.c ****   RCC_ClkInitStruct.ClockType = RCC_CLOCKTYPE_HCLK|RCC_CLOCKTYPE_SYSCLK
 150:Core/Src/main.c ****                               |RCC_CLOCKTYPE_PCLK1|RCC_CLOCKTYPE_PCLK2;
 151:Core/Src/main.c ****   RCC_ClkInitStruct.SYSCLKSource = RCC_SYSCLKSOURCE_PLLCLK;
 152:Core/Src/main.c ****   RCC_ClkInitStruct.AHBCLKDivider = RCC_SYSCLK_DIV1;
 153:Core/Src/main.c ****   RCC_ClkInitStruct.APB1CLKDivider = RCC_HCLK_DIV8;
 154:Core/Src/main.c ****   RCC_ClkInitStruct.APB2CLKDivider = RCC_HCLK_DIV4;
 155:Core/Src/main.c **** 
 156:Core/Src/main.c ****   if (HAL_RCC_ClockConfig(&RCC_ClkInitStruct, FLASH_LATENCY_1) != HAL_OK)
 157:Core/Src/main.c ****   {
 158:Core/Src/main.c ****     Error_Handler();
 159:Core/Src/main.c ****   }
 160:Core/Src/main.c **** }
 161:Core/Src/main.c **** 
 162:Core/Src/main.c **** /* USER CODE BEGIN 4 */
 163:Core/Src/main.c **** 
 164:Core/Src/main.c **** /* USER CODE END 4 */
 165:Core/Src/main.c **** 
 166:Core/Src/main.c **** /**
 167:Core/Src/main.c ****   * @brief  This function is executed in case of error occurrence.
 168:Core/Src/main.c ****   * @retval None
 169:Core/Src/main.c ****   */
 170:Core/Src/main.c **** void Error_Handler(void)
 171:Core/Src/main.c **** {
  29              		.loc 1 171 1 view -0
  30              		.cfi_startproc
  31              		@ Volatile: function does not return.
  32              		@ args = 0, pretend = 0, frame = 0
  33              		@ frame_needed = 0, uses_anonymous_args = 0
  34              		@ link register save eliminated.
 172:Core/Src/main.c ****   /* USER CODE BEGIN Error_Handler_Debug */
 173:Core/Src/main.c ****   /* User can add his own implementation to report the HAL error return state */
 174:Core/Src/main.c ****   __disable_irq();
  35              		.loc 1 174 3 view .LVU1
  36              	.LBB4:
  37              	.LBI4:
  38              		.file 2 "Drivers/CMSIS/Include/cmsis_gcc.h"
   1:Drivers/CMSIS/Include/cmsis_gcc.h **** /**************************************************************************//**
   2:Drivers/CMSIS/Include/cmsis_gcc.h ****  * @file     cmsis_gcc.h
   3:Drivers/CMSIS/Include/cmsis_gcc.h ****  * @brief    CMSIS compiler GCC header file
   4:Drivers/CMSIS/Include/cmsis_gcc.h ****  * @version  V5.0.4
   5:Drivers/CMSIS/Include/cmsis_gcc.h ****  * @date     09. April 2018
   6:Drivers/CMSIS/Include/cmsis_gcc.h ****  ******************************************************************************/
   7:Drivers/CMSIS/Include/cmsis_gcc.h **** /*
   8:Drivers/CMSIS/Include/cmsis_gcc.h ****  * Copyright (c) 2009-2018 Arm Limited. All rights reserved.
   9:Drivers/CMSIS/Include/cmsis_gcc.h ****  *
  10:Drivers/CMSIS/Include/cmsis_gcc.h ****  * SPDX-License-Identifier: Apache-2.0
  11:Drivers/CMSIS/Include/cmsis_gcc.h ****  *
  12:Drivers/CMSIS/Include/cmsis_gcc.h ****  * Licensed under the Apache License, Version 2.0 (the License); you may
  13:Drivers/CMSIS/Include/cmsis_gcc.h ****  * not use this file except in compliance with the License.
  14:Drivers/CMSIS/Include/cmsis_gcc.h ****  * You may obtain a copy of the License at
  15:Drivers/CMSIS/Include/cmsis_gcc.h ****  *
  16:Drivers/CMSIS/Include/cmsis_gcc.h ****  * www.apache.org/licenses/LICENSE-2.0
  17:Drivers/CMSIS/Include/cmsis_gcc.h ****  *
ARM GAS  /tmp/ccBJgqRx.s 			page 5


  18:Drivers/CMSIS/Include/cmsis_gcc.h ****  * Unless required by applicable law or agreed to in writing, software
  19:Drivers/CMSIS/Include/cmsis_gcc.h ****  * distributed under the License is distributed on an AS IS BASIS, WITHOUT
  20:Drivers/CMSIS/Include/cmsis_gcc.h ****  * WARRANTIES OR CONDITIONS OF ANY KIND, either express or implied.
  21:Drivers/CMSIS/Include/cmsis_gcc.h ****  * See the License for the specific language governing permissions and
  22:Drivers/CMSIS/Include/cmsis_gcc.h ****  * limitations under the License.
  23:Drivers/CMSIS/Include/cmsis_gcc.h ****  */
  24:Drivers/CMSIS/Include/cmsis_gcc.h **** 
  25:Drivers/CMSIS/Include/cmsis_gcc.h **** #ifndef __CMSIS_GCC_H
  26:Drivers/CMSIS/Include/cmsis_gcc.h **** #define __CMSIS_GCC_H
  27:Drivers/CMSIS/Include/cmsis_gcc.h **** 
  28:Drivers/CMSIS/Include/cmsis_gcc.h **** /* ignore some GCC warnings */
  29:Drivers/CMSIS/Include/cmsis_gcc.h **** #pragma GCC diagnostic push
  30:Drivers/CMSIS/Include/cmsis_gcc.h **** #pragma GCC diagnostic ignored "-Wsign-conversion"
  31:Drivers/CMSIS/Include/cmsis_gcc.h **** #pragma GCC diagnostic ignored "-Wconversion"
  32:Drivers/CMSIS/Include/cmsis_gcc.h **** #pragma GCC diagnostic ignored "-Wunused-parameter"
  33:Drivers/CMSIS/Include/cmsis_gcc.h **** 
  34:Drivers/CMSIS/Include/cmsis_gcc.h **** /* Fallback for __has_builtin */
  35:Drivers/CMSIS/Include/cmsis_gcc.h **** #ifndef __has_builtin
  36:Drivers/CMSIS/Include/cmsis_gcc.h ****   #define __has_builtin(x) (0)
  37:Drivers/CMSIS/Include/cmsis_gcc.h **** #endif
  38:Drivers/CMSIS/Include/cmsis_gcc.h **** 
  39:Drivers/CMSIS/Include/cmsis_gcc.h **** /* CMSIS compiler specific defines */
  40:Drivers/CMSIS/Include/cmsis_gcc.h **** #ifndef   __ASM
  41:Drivers/CMSIS/Include/cmsis_gcc.h ****   #define __ASM                                  __asm
  42:Drivers/CMSIS/Include/cmsis_gcc.h **** #endif
  43:Drivers/CMSIS/Include/cmsis_gcc.h **** #ifndef   __INLINE
  44:Drivers/CMSIS/Include/cmsis_gcc.h ****   #define __INLINE                               inline
  45:Drivers/CMSIS/Include/cmsis_gcc.h **** #endif
  46:Drivers/CMSIS/Include/cmsis_gcc.h **** #ifndef   __STATIC_INLINE
  47:Drivers/CMSIS/Include/cmsis_gcc.h ****   #define __STATIC_INLINE                        static inline
  48:Drivers/CMSIS/Include/cmsis_gcc.h **** #endif
  49:Drivers/CMSIS/Include/cmsis_gcc.h **** #ifndef   __STATIC_FORCEINLINE                 
  50:Drivers/CMSIS/Include/cmsis_gcc.h ****   #define __STATIC_FORCEINLINE                   __attribute__((always_inline)) static inline
  51:Drivers/CMSIS/Include/cmsis_gcc.h **** #endif                                           
  52:Drivers/CMSIS/Include/cmsis_gcc.h **** #ifndef   __NO_RETURN
  53:Drivers/CMSIS/Include/cmsis_gcc.h ****   #define __NO_RETURN                            __attribute__((__noreturn__))
  54:Drivers/CMSIS/Include/cmsis_gcc.h **** #endif
  55:Drivers/CMSIS/Include/cmsis_gcc.h **** #ifndef   __USED
  56:Drivers/CMSIS/Include/cmsis_gcc.h ****   #define __USED                                 __attribute__((used))
  57:Drivers/CMSIS/Include/cmsis_gcc.h **** #endif
  58:Drivers/CMSIS/Include/cmsis_gcc.h **** #ifndef   __WEAK
  59:Drivers/CMSIS/Include/cmsis_gcc.h ****   #define __WEAK                                 __attribute__((weak))
  60:Drivers/CMSIS/Include/cmsis_gcc.h **** #endif
  61:Drivers/CMSIS/Include/cmsis_gcc.h **** #ifndef   __PACKED
  62:Drivers/CMSIS/Include/cmsis_gcc.h ****   #define __PACKED                               __attribute__((packed, aligned(1)))
  63:Drivers/CMSIS/Include/cmsis_gcc.h **** #endif
  64:Drivers/CMSIS/Include/cmsis_gcc.h **** #ifndef   __PACKED_STRUCT
  65:Drivers/CMSIS/Include/cmsis_gcc.h ****   #define __PACKED_STRUCT                        struct __attribute__((packed, aligned(1)))
  66:Drivers/CMSIS/Include/cmsis_gcc.h **** #endif
  67:Drivers/CMSIS/Include/cmsis_gcc.h **** #ifndef   __PACKED_UNION
  68:Drivers/CMSIS/Include/cmsis_gcc.h ****   #define __PACKED_UNION                         union __attribute__((packed, aligned(1)))
  69:Drivers/CMSIS/Include/cmsis_gcc.h **** #endif
  70:Drivers/CMSIS/Include/cmsis_gcc.h **** #ifndef   __UNALIGNED_UINT32        /* deprecated */
  71:Drivers/CMSIS/Include/cmsis_gcc.h ****   #pragma GCC diagnostic push
  72:Drivers/CMSIS/Include/cmsis_gcc.h ****   #pragma GCC diagnostic ignored "-Wpacked"
  73:Drivers/CMSIS/Include/cmsis_gcc.h ****   #pragma GCC diagnostic ignored "-Wattributes"
  74:Drivers/CMSIS/Include/cmsis_gcc.h ****   struct __attribute__((packed)) T_UINT32 { uint32_t v; };
ARM GAS  /tmp/ccBJgqRx.s 			page 6


  75:Drivers/CMSIS/Include/cmsis_gcc.h ****   #pragma GCC diagnostic pop
  76:Drivers/CMSIS/Include/cmsis_gcc.h ****   #define __UNALIGNED_UINT32(x)                  (((struct T_UINT32 *)(x))->v)
  77:Drivers/CMSIS/Include/cmsis_gcc.h **** #endif
  78:Drivers/CMSIS/Include/cmsis_gcc.h **** #ifndef   __UNALIGNED_UINT16_WRITE
  79:Drivers/CMSIS/Include/cmsis_gcc.h ****   #pragma GCC diagnostic push
  80:Drivers/CMSIS/Include/cmsis_gcc.h ****   #pragma GCC diagnostic ignored "-Wpacked"
  81:Drivers/CMSIS/Include/cmsis_gcc.h ****   #pragma GCC diagnostic ignored "-Wattributes"
  82:Drivers/CMSIS/Include/cmsis_gcc.h ****   __PACKED_STRUCT T_UINT16_WRITE { uint16_t v; };
  83:Drivers/CMSIS/Include/cmsis_gcc.h ****   #pragma GCC diagnostic pop
  84:Drivers/CMSIS/Include/cmsis_gcc.h ****   #define __UNALIGNED_UINT16_WRITE(addr, val)    (void)((((struct T_UINT16_WRITE *)(void *)(addr))-
  85:Drivers/CMSIS/Include/cmsis_gcc.h **** #endif
  86:Drivers/CMSIS/Include/cmsis_gcc.h **** #ifndef   __UNALIGNED_UINT16_READ
  87:Drivers/CMSIS/Include/cmsis_gcc.h ****   #pragma GCC diagnostic push
  88:Drivers/CMSIS/Include/cmsis_gcc.h ****   #pragma GCC diagnostic ignored "-Wpacked"
  89:Drivers/CMSIS/Include/cmsis_gcc.h ****   #pragma GCC diagnostic ignored "-Wattributes"
  90:Drivers/CMSIS/Include/cmsis_gcc.h ****   __PACKED_STRUCT T_UINT16_READ { uint16_t v; };
  91:Drivers/CMSIS/Include/cmsis_gcc.h ****   #pragma GCC diagnostic pop
  92:Drivers/CMSIS/Include/cmsis_gcc.h ****   #define __UNALIGNED_UINT16_READ(addr)          (((const struct T_UINT16_READ *)(const void *)(add
  93:Drivers/CMSIS/Include/cmsis_gcc.h **** #endif
  94:Drivers/CMSIS/Include/cmsis_gcc.h **** #ifndef   __UNALIGNED_UINT32_WRITE
  95:Drivers/CMSIS/Include/cmsis_gcc.h ****   #pragma GCC diagnostic push
  96:Drivers/CMSIS/Include/cmsis_gcc.h ****   #pragma GCC diagnostic ignored "-Wpacked"
  97:Drivers/CMSIS/Include/cmsis_gcc.h ****   #pragma GCC diagnostic ignored "-Wattributes"
  98:Drivers/CMSIS/Include/cmsis_gcc.h ****   __PACKED_STRUCT T_UINT32_WRITE { uint32_t v; };
  99:Drivers/CMSIS/Include/cmsis_gcc.h ****   #pragma GCC diagnostic pop
 100:Drivers/CMSIS/Include/cmsis_gcc.h ****   #define __UNALIGNED_UINT32_WRITE(addr, val)    (void)((((struct T_UINT32_WRITE *)(void *)(addr))-
 101:Drivers/CMSIS/Include/cmsis_gcc.h **** #endif
 102:Drivers/CMSIS/Include/cmsis_gcc.h **** #ifndef   __UNALIGNED_UINT32_READ
 103:Drivers/CMSIS/Include/cmsis_gcc.h ****   #pragma GCC diagnostic push
 104:Drivers/CMSIS/Include/cmsis_gcc.h ****   #pragma GCC diagnostic ignored "-Wpacked"
 105:Drivers/CMSIS/Include/cmsis_gcc.h ****   #pragma GCC diagnostic ignored "-Wattributes"
 106:Drivers/CMSIS/Include/cmsis_gcc.h ****   __PACKED_STRUCT T_UINT32_READ { uint32_t v; };
 107:Drivers/CMSIS/Include/cmsis_gcc.h ****   #pragma GCC diagnostic pop
 108:Drivers/CMSIS/Include/cmsis_gcc.h ****   #define __UNALIGNED_UINT32_READ(addr)          (((const struct T_UINT32_READ *)(const void *)(add
 109:Drivers/CMSIS/Include/cmsis_gcc.h **** #endif
 110:Drivers/CMSIS/Include/cmsis_gcc.h **** #ifndef   __ALIGNED
 111:Drivers/CMSIS/Include/cmsis_gcc.h ****   #define __ALIGNED(x)                           __attribute__((aligned(x)))
 112:Drivers/CMSIS/Include/cmsis_gcc.h **** #endif
 113:Drivers/CMSIS/Include/cmsis_gcc.h **** #ifndef   __RESTRICT
 114:Drivers/CMSIS/Include/cmsis_gcc.h ****   #define __RESTRICT                             __restrict
 115:Drivers/CMSIS/Include/cmsis_gcc.h **** #endif
 116:Drivers/CMSIS/Include/cmsis_gcc.h **** 
 117:Drivers/CMSIS/Include/cmsis_gcc.h **** 
 118:Drivers/CMSIS/Include/cmsis_gcc.h **** /* ###########################  Core Function Access  ########################### */
 119:Drivers/CMSIS/Include/cmsis_gcc.h **** /** \ingroup  CMSIS_Core_FunctionInterface
 120:Drivers/CMSIS/Include/cmsis_gcc.h ****     \defgroup CMSIS_Core_RegAccFunctions CMSIS Core Register Access Functions
 121:Drivers/CMSIS/Include/cmsis_gcc.h ****   @{
 122:Drivers/CMSIS/Include/cmsis_gcc.h ****  */
 123:Drivers/CMSIS/Include/cmsis_gcc.h **** 
 124:Drivers/CMSIS/Include/cmsis_gcc.h **** /**
 125:Drivers/CMSIS/Include/cmsis_gcc.h ****   \brief   Enable IRQ Interrupts
 126:Drivers/CMSIS/Include/cmsis_gcc.h ****   \details Enables IRQ interrupts by clearing the I-bit in the CPSR.
 127:Drivers/CMSIS/Include/cmsis_gcc.h ****            Can only be executed in Privileged modes.
 128:Drivers/CMSIS/Include/cmsis_gcc.h ****  */
 129:Drivers/CMSIS/Include/cmsis_gcc.h **** __STATIC_FORCEINLINE void __enable_irq(void)
 130:Drivers/CMSIS/Include/cmsis_gcc.h **** {
 131:Drivers/CMSIS/Include/cmsis_gcc.h ****   __ASM volatile ("cpsie i" : : : "memory");
ARM GAS  /tmp/ccBJgqRx.s 			page 7


 132:Drivers/CMSIS/Include/cmsis_gcc.h **** }
 133:Drivers/CMSIS/Include/cmsis_gcc.h **** 
 134:Drivers/CMSIS/Include/cmsis_gcc.h **** 
 135:Drivers/CMSIS/Include/cmsis_gcc.h **** /**
 136:Drivers/CMSIS/Include/cmsis_gcc.h ****   \brief   Disable IRQ Interrupts
 137:Drivers/CMSIS/Include/cmsis_gcc.h ****   \details Disables IRQ interrupts by setting the I-bit in the CPSR.
 138:Drivers/CMSIS/Include/cmsis_gcc.h ****            Can only be executed in Privileged modes.
 139:Drivers/CMSIS/Include/cmsis_gcc.h ****  */
 140:Drivers/CMSIS/Include/cmsis_gcc.h **** __STATIC_FORCEINLINE void __disable_irq(void)
  39              		.loc 2 140 27 view .LVU2
  40              	.LBB5:
 141:Drivers/CMSIS/Include/cmsis_gcc.h **** {
 142:Drivers/CMSIS/Include/cmsis_gcc.h ****   __ASM volatile ("cpsid i" : : : "memory");
  41              		.loc 2 142 3 view .LVU3
  42              		.syntax unified
  43              	@ 142 "Drivers/CMSIS/Include/cmsis_gcc.h" 1
  44 0000 72B6     		cpsid i
  45              	@ 0 "" 2
  46              		.thumb
  47              		.syntax unified
  48              	.L2:
  49              	.LBE5:
  50              	.LBE4:
 175:Core/Src/main.c ****   while (1)
  51              		.loc 1 175 3 discriminator 1 view .LVU4
 176:Core/Src/main.c ****   {
 177:Core/Src/main.c ****   }
  52              		.loc 1 177 3 discriminator 1 view .LVU5
 175:Core/Src/main.c ****   while (1)
  53              		.loc 1 175 9 discriminator 1 view .LVU6
  54 0002 FEE7     		b	.L2
  55              		.cfi_endproc
  56              	.LFE132:
  58              		.section	.text.SystemClock_Config,"ax",%progbits
  59              		.align	1
  60              		.global	SystemClock_Config
  61              		.syntax unified
  62              		.thumb
  63              		.thumb_func
  65              	SystemClock_Config:
  66              	.LFB131:
 121:Core/Src/main.c ****   RCC_OscInitTypeDef RCC_OscInitStruct = {0};
  67              		.loc 1 121 1 view -0
  68              		.cfi_startproc
  69              		@ args = 0, pretend = 0, frame = 80
  70              		@ frame_needed = 0, uses_anonymous_args = 0
  71 0000 00B5     		push	{lr}
  72              	.LCFI0:
  73              		.cfi_def_cfa_offset 4
  74              		.cfi_offset 14, -4
  75 0002 95B0     		sub	sp, sp, #84
  76              	.LCFI1:
  77              		.cfi_def_cfa_offset 88
 122:Core/Src/main.c ****   RCC_ClkInitTypeDef RCC_ClkInitStruct = {0};
  78              		.loc 1 122 3 view .LVU8
 122:Core/Src/main.c ****   RCC_ClkInitTypeDef RCC_ClkInitStruct = {0};
  79              		.loc 1 122 22 is_stmt 0 view .LVU9
ARM GAS  /tmp/ccBJgqRx.s 			page 8


  80 0004 3022     		movs	r2, #48
  81 0006 0021     		movs	r1, #0
  82 0008 08A8     		add	r0, sp, #32
  83 000a FFF7FEFF 		bl	memset
  84              	.LVL0:
 123:Core/Src/main.c **** 
  85              		.loc 1 123 3 is_stmt 1 view .LVU10
 123:Core/Src/main.c **** 
  86              		.loc 1 123 22 is_stmt 0 view .LVU11
  87 000e 0023     		movs	r3, #0
  88 0010 0393     		str	r3, [sp, #12]
  89 0012 0493     		str	r3, [sp, #16]
  90 0014 0593     		str	r3, [sp, #20]
  91 0016 0693     		str	r3, [sp, #24]
  92 0018 0793     		str	r3, [sp, #28]
 127:Core/Src/main.c ****   __HAL_PWR_VOLTAGESCALING_CONFIG(PWR_REGULATOR_VOLTAGE_SCALE1);
  93              		.loc 1 127 3 is_stmt 1 view .LVU12
  94              	.LBB6:
 127:Core/Src/main.c ****   __HAL_PWR_VOLTAGESCALING_CONFIG(PWR_REGULATOR_VOLTAGE_SCALE1);
  95              		.loc 1 127 3 view .LVU13
  96 001a 0193     		str	r3, [sp, #4]
 127:Core/Src/main.c ****   __HAL_PWR_VOLTAGESCALING_CONFIG(PWR_REGULATOR_VOLTAGE_SCALE1);
  97              		.loc 1 127 3 view .LVU14
  98 001c 1F4A     		ldr	r2, .L9
  99 001e 116C     		ldr	r1, [r2, #64]
 100 0020 41F08051 		orr	r1, r1, #268435456
 101 0024 1164     		str	r1, [r2, #64]
 127:Core/Src/main.c ****   __HAL_PWR_VOLTAGESCALING_CONFIG(PWR_REGULATOR_VOLTAGE_SCALE1);
 102              		.loc 1 127 3 view .LVU15
 103 0026 126C     		ldr	r2, [r2, #64]
 104 0028 02F08052 		and	r2, r2, #268435456
 105 002c 0192     		str	r2, [sp, #4]
 127:Core/Src/main.c ****   __HAL_PWR_VOLTAGESCALING_CONFIG(PWR_REGULATOR_VOLTAGE_SCALE1);
 106              		.loc 1 127 3 view .LVU16
 107 002e 019A     		ldr	r2, [sp, #4]
 108              	.LBE6:
 127:Core/Src/main.c ****   __HAL_PWR_VOLTAGESCALING_CONFIG(PWR_REGULATOR_VOLTAGE_SCALE1);
 109              		.loc 1 127 3 view .LVU17
 128:Core/Src/main.c **** 
 110              		.loc 1 128 3 view .LVU18
 111              	.LBB7:
 128:Core/Src/main.c **** 
 112              		.loc 1 128 3 view .LVU19
 113 0030 0293     		str	r3, [sp, #8]
 128:Core/Src/main.c **** 
 114              		.loc 1 128 3 view .LVU20
 115 0032 1B4A     		ldr	r2, .L9+4
 116 0034 1168     		ldr	r1, [r2]
 117 0036 41F48041 		orr	r1, r1, #16384
 118 003a 1160     		str	r1, [r2]
 128:Core/Src/main.c **** 
 119              		.loc 1 128 3 view .LVU21
 120 003c 1268     		ldr	r2, [r2]
 121 003e 02F48042 		and	r2, r2, #16384
 122 0042 0292     		str	r2, [sp, #8]
 128:Core/Src/main.c **** 
 123              		.loc 1 128 3 view .LVU22
ARM GAS  /tmp/ccBJgqRx.s 			page 9


 124 0044 029A     		ldr	r2, [sp, #8]
 125              	.LBE7:
 128:Core/Src/main.c **** 
 126              		.loc 1 128 3 view .LVU23
 133:Core/Src/main.c ****   RCC_OscInitStruct.HSIState = RCC_HSI_ON;
 127              		.loc 1 133 3 view .LVU24
 133:Core/Src/main.c ****   RCC_OscInitStruct.HSIState = RCC_HSI_ON;
 128              		.loc 1 133 36 is_stmt 0 view .LVU25
 129 0046 0222     		movs	r2, #2
 130 0048 0892     		str	r2, [sp, #32]
 134:Core/Src/main.c ****   RCC_OscInitStruct.HSICalibrationValue = RCC_HSICALIBRATION_DEFAULT;
 131              		.loc 1 134 3 is_stmt 1 view .LVU26
 134:Core/Src/main.c ****   RCC_OscInitStruct.HSICalibrationValue = RCC_HSICALIBRATION_DEFAULT;
 132              		.loc 1 134 30 is_stmt 0 view .LVU27
 133 004a 0121     		movs	r1, #1
 134 004c 0B91     		str	r1, [sp, #44]
 135:Core/Src/main.c ****   RCC_OscInitStruct.PLL.PLLState = RCC_PLL_ON;
 135              		.loc 1 135 3 is_stmt 1 view .LVU28
 135:Core/Src/main.c ****   RCC_OscInitStruct.PLL.PLLState = RCC_PLL_ON;
 136              		.loc 1 135 41 is_stmt 0 view .LVU29
 137 004e 1021     		movs	r1, #16
 138 0050 0C91     		str	r1, [sp, #48]
 136:Core/Src/main.c ****   RCC_OscInitStruct.PLL.PLLSource = RCC_PLLSOURCE_HSI;
 139              		.loc 1 136 3 is_stmt 1 view .LVU30
 136:Core/Src/main.c ****   RCC_OscInitStruct.PLL.PLLSource = RCC_PLLSOURCE_HSI;
 140              		.loc 1 136 34 is_stmt 0 view .LVU31
 141 0052 0E92     		str	r2, [sp, #56]
 137:Core/Src/main.c ****   RCC_OscInitStruct.PLL.PLLM = 8;
 142              		.loc 1 137 3 is_stmt 1 view .LVU32
 137:Core/Src/main.c ****   RCC_OscInitStruct.PLL.PLLM = 8;
 143              		.loc 1 137 35 is_stmt 0 view .LVU33
 144 0054 0F93     		str	r3, [sp, #60]
 138:Core/Src/main.c ****   RCC_OscInitStruct.PLL.PLLN = 50;
 145              		.loc 1 138 3 is_stmt 1 view .LVU34
 138:Core/Src/main.c ****   RCC_OscInitStruct.PLL.PLLN = 50;
 146              		.loc 1 138 30 is_stmt 0 view .LVU35
 147 0056 0823     		movs	r3, #8
 148 0058 1093     		str	r3, [sp, #64]
 139:Core/Src/main.c ****   RCC_OscInitStruct.PLL.PLLP = RCC_PLLP_DIV2;
 149              		.loc 1 139 3 is_stmt 1 view .LVU36
 139:Core/Src/main.c ****   RCC_OscInitStruct.PLL.PLLP = RCC_PLLP_DIV2;
 150              		.loc 1 139 30 is_stmt 0 view .LVU37
 151 005a 3223     		movs	r3, #50
 152 005c 1193     		str	r3, [sp, #68]
 140:Core/Src/main.c ****   RCC_OscInitStruct.PLL.PLLQ = 7;
 153              		.loc 1 140 3 is_stmt 1 view .LVU38
 140:Core/Src/main.c ****   RCC_OscInitStruct.PLL.PLLQ = 7;
 154              		.loc 1 140 30 is_stmt 0 view .LVU39
 155 005e 1292     		str	r2, [sp, #72]
 141:Core/Src/main.c ****   if (HAL_RCC_OscConfig(&RCC_OscInitStruct) != HAL_OK)
 156              		.loc 1 141 3 is_stmt 1 view .LVU40
 141:Core/Src/main.c ****   if (HAL_RCC_OscConfig(&RCC_OscInitStruct) != HAL_OK)
 157              		.loc 1 141 30 is_stmt 0 view .LVU41
 158 0060 0723     		movs	r3, #7
 159 0062 1393     		str	r3, [sp, #76]
 142:Core/Src/main.c ****   {
 160              		.loc 1 142 3 is_stmt 1 view .LVU42
ARM GAS  /tmp/ccBJgqRx.s 			page 10


 142:Core/Src/main.c ****   {
 161              		.loc 1 142 7 is_stmt 0 view .LVU43
 162 0064 08A8     		add	r0, sp, #32
 163 0066 FFF7FEFF 		bl	HAL_RCC_OscConfig
 164              	.LVL1:
 142:Core/Src/main.c ****   {
 165              		.loc 1 142 6 view .LVU44
 166 006a 98B9     		cbnz	r0, .L7
 149:Core/Src/main.c ****                               |RCC_CLOCKTYPE_PCLK1|RCC_CLOCKTYPE_PCLK2;
 167              		.loc 1 149 3 is_stmt 1 view .LVU45
 149:Core/Src/main.c ****                               |RCC_CLOCKTYPE_PCLK1|RCC_CLOCKTYPE_PCLK2;
 168              		.loc 1 149 31 is_stmt 0 view .LVU46
 169 006c 0F23     		movs	r3, #15
 170 006e 0393     		str	r3, [sp, #12]
 151:Core/Src/main.c ****   RCC_ClkInitStruct.AHBCLKDivider = RCC_SYSCLK_DIV1;
 171              		.loc 1 151 3 is_stmt 1 view .LVU47
 151:Core/Src/main.c ****   RCC_ClkInitStruct.AHBCLKDivider = RCC_SYSCLK_DIV1;
 172              		.loc 1 151 34 is_stmt 0 view .LVU48
 173 0070 0223     		movs	r3, #2
 174 0072 0493     		str	r3, [sp, #16]
 152:Core/Src/main.c ****   RCC_ClkInitStruct.APB1CLKDivider = RCC_HCLK_DIV8;
 175              		.loc 1 152 3 is_stmt 1 view .LVU49
 152:Core/Src/main.c ****   RCC_ClkInitStruct.APB1CLKDivider = RCC_HCLK_DIV8;
 176              		.loc 1 152 35 is_stmt 0 view .LVU50
 177 0074 0023     		movs	r3, #0
 178 0076 0593     		str	r3, [sp, #20]
 153:Core/Src/main.c ****   RCC_ClkInitStruct.APB2CLKDivider = RCC_HCLK_DIV4;
 179              		.loc 1 153 3 is_stmt 1 view .LVU51
 153:Core/Src/main.c ****   RCC_ClkInitStruct.APB2CLKDivider = RCC_HCLK_DIV4;
 180              		.loc 1 153 36 is_stmt 0 view .LVU52
 181 0078 4FF4C053 		mov	r3, #6144
 182 007c 0693     		str	r3, [sp, #24]
 154:Core/Src/main.c **** 
 183              		.loc 1 154 3 is_stmt 1 view .LVU53
 154:Core/Src/main.c **** 
 184              		.loc 1 154 36 is_stmt 0 view .LVU54
 185 007e 4FF4A053 		mov	r3, #5120
 186 0082 0793     		str	r3, [sp, #28]
 156:Core/Src/main.c ****   {
 187              		.loc 1 156 3 is_stmt 1 view .LVU55
 156:Core/Src/main.c ****   {
 188              		.loc 1 156 7 is_stmt 0 view .LVU56
 189 0084 0121     		movs	r1, #1
 190 0086 03A8     		add	r0, sp, #12
 191 0088 FFF7FEFF 		bl	HAL_RCC_ClockConfig
 192              	.LVL2:
 156:Core/Src/main.c ****   {
 193              		.loc 1 156 6 view .LVU57
 194 008c 20B9     		cbnz	r0, .L8
 160:Core/Src/main.c **** 
 195              		.loc 1 160 1 view .LVU58
 196 008e 15B0     		add	sp, sp, #84
 197              	.LCFI2:
 198              		.cfi_remember_state
 199              		.cfi_def_cfa_offset 4
 200              		@ sp needed
 201 0090 5DF804FB 		ldr	pc, [sp], #4
ARM GAS  /tmp/ccBJgqRx.s 			page 11


 202              	.L7:
 203              	.LCFI3:
 204              		.cfi_restore_state
 144:Core/Src/main.c ****   }
 205              		.loc 1 144 5 is_stmt 1 view .LVU59
 206 0094 FFF7FEFF 		bl	Error_Handler
 207              	.LVL3:
 208              	.L8:
 158:Core/Src/main.c ****   }
 209              		.loc 1 158 5 view .LVU60
 210 0098 FFF7FEFF 		bl	Error_Handler
 211              	.LVL4:
 212              	.L10:
 213              		.align	2
 214              	.L9:
 215 009c 00380240 		.word	1073887232
 216 00a0 00700040 		.word	1073770496
 217              		.cfi_endproc
 218              	.LFE131:
 220              		.section	.text.main,"ax",%progbits
 221              		.align	1
 222              		.global	main
 223              		.syntax unified
 224              		.thumb
 225              		.thumb_func
 227              	main:
 228              	.LFB130:
  74:Core/Src/main.c ****   /* USER CODE BEGIN 1 */
 229              		.loc 1 74 1 view -0
 230              		.cfi_startproc
 231              		@ args = 0, pretend = 0, frame = 0
 232              		@ frame_needed = 0, uses_anonymous_args = 0
 233 0000 08B5     		push	{r3, lr}
 234              	.LCFI4:
 235              		.cfi_def_cfa_offset 8
 236              		.cfi_offset 3, -8
 237              		.cfi_offset 14, -4
  76:Core/Src/main.c ****      //mystepper.set
 238              		.loc 1 76 6 view .LVU62
 239 0002 FFF7FEFF 		bl	initStepper
 240              	.LVL5:
  84:Core/Src/main.c **** 
 241              		.loc 1 84 3 view .LVU63
 242 0006 FFF7FEFF 		bl	HAL_Init
 243              	.LVL6:
  91:Core/Src/main.c **** 
 244              		.loc 1 91 3 view .LVU64
 245 000a FFF7FEFF 		bl	SystemClock_Config
 246              	.LVL7:
  98:Core/Src/main.c ****   /* USER CODE BEGIN 2 */
 247              		.loc 1 98 3 view .LVU65
 248 000e FFF7FEFF 		bl	MX_GPIO_Init
 249              	.LVL8:
 100:Core/Src/main.c ****   /* USER CODE END 2 */
 250              		.loc 1 100 6 view .LVU66
 251              	.L12:
 105:Core/Src/main.c ****   {
ARM GAS  /tmp/ccBJgqRx.s 			page 12


 252              		.loc 1 105 3 discriminator 1 view .LVU67
 108:Core/Src/main.c ****     /* USER CODE END WHILE */
 253              		.loc 1 108 5 discriminator 1 view .LVU68
 254 0012 FFF7FEFF 		bl	operateStepper
 255              	.LVL9:
 105:Core/Src/main.c ****   {
 256              		.loc 1 105 9 discriminator 1 view .LVU69
 257 0016 FCE7     		b	.L12
 258              		.cfi_endproc
 259              	.LFE130:
 261              		.text
 262              	.Letext0:
 263              		.file 3 "/usr/lib/gcc/arm-none-eabi/12.2.1/include/stdint.h"
 264              		.file 4 "Drivers/CMSIS/Device/ST/STM32F4xx/Include/stm32f407xx.h"
 265              		.file 5 "Drivers/STM32F4xx_HAL_Driver/Inc/stm32f4xx_hal_def.h"
 266              		.file 6 "Drivers/STM32F4xx_HAL_Driver/Inc/stm32f4xx_hal_rcc_ex.h"
 267              		.file 7 "Drivers/STM32F4xx_HAL_Driver/Inc/stm32f4xx_hal_rcc.h"
 268              		.file 8 "Core/Inc/stepper.h"
 269              		.file 9 "Core/Inc/gpio.h"
 270              		.file 10 "Drivers/STM32F4xx_HAL_Driver/Inc/stm32f4xx_hal.h"
 271              		.file 11 "<built-in>"
ARM GAS  /tmp/ccBJgqRx.s 			page 13


DEFINED SYMBOLS
                            *ABS*:0000000000000000 main.c
     /tmp/ccBJgqRx.s:21     .text.Error_Handler:0000000000000000 $t
     /tmp/ccBJgqRx.s:27     .text.Error_Handler:0000000000000000 Error_Handler
     /tmp/ccBJgqRx.s:59     .text.SystemClock_Config:0000000000000000 $t
     /tmp/ccBJgqRx.s:65     .text.SystemClock_Config:0000000000000000 SystemClock_Config
     /tmp/ccBJgqRx.s:215    .text.SystemClock_Config:000000000000009c $d
     /tmp/ccBJgqRx.s:221    .text.main:0000000000000000 $t
     /tmp/ccBJgqRx.s:227    .text.main:0000000000000000 main

UNDEFINED SYMBOLS
memset
HAL_RCC_OscConfig
HAL_RCC_ClockConfig
initStepper
HAL_Init
MX_GPIO_Init
operateStepper
