ARM GAS  /tmp/ccPh3aWw.s 			page 1


   1              		.cpu cortex-m4
   2              		.arch armv7e-m
   3              		.fpu fpv4-sp-d16
   4              		.eabi_attribute 27, 1
   5              		.eabi_attribute 28, 1
   6              		.eabi_attribute 20, 1
   7              		.eabi_attribute 21, 1
   8              		.eabi_attribute 23, 3
   9              		.eabi_attribute 24, 1
  10              		.eabi_attribute 25, 1
  11              		.eabi_attribute 26, 1
  12              		.eabi_attribute 30, 1
  13              		.eabi_attribute 34, 1
  14              		.eabi_attribute 18, 4
  15              		.file	"gpio.c"
  16              		.text
  17              	.Ltext0:
  18              		.cfi_sections	.debug_frame
  19              		.file 1 "Core/Src/gpio.c"
  20              		.section	.text.MX_GPIO_Init,"ax",%progbits
  21              		.align	1
  22              		.global	MX_GPIO_Init
  23              		.syntax unified
  24              		.thumb
  25              		.thumb_func
  27              	MX_GPIO_Init:
  28              	.LFB130:
   1:Core/Src/gpio.c **** /* USER CODE BEGIN Header */
   2:Core/Src/gpio.c **** /**
   3:Core/Src/gpio.c ****   ******************************************************************************
   4:Core/Src/gpio.c ****   * @file    gpio.c
   5:Core/Src/gpio.c ****   * @brief   This file provides code for the configuration
   6:Core/Src/gpio.c ****   *          of all used GPIO pins.
   7:Core/Src/gpio.c ****   ******************************************************************************
   8:Core/Src/gpio.c ****   * @attention
   9:Core/Src/gpio.c ****   *
  10:Core/Src/gpio.c ****   * Copyright (c) 2023 STMicroelectronics.
  11:Core/Src/gpio.c ****   * All rights reserved.
  12:Core/Src/gpio.c ****   *
  13:Core/Src/gpio.c ****   * This software is licensed under terms that can be found in the LICENSE file
  14:Core/Src/gpio.c ****   * in the root directory of this software component.
  15:Core/Src/gpio.c ****   * If no LICENSE file comes with this software, it is provided AS-IS.
  16:Core/Src/gpio.c ****   *
  17:Core/Src/gpio.c ****   ******************************************************************************
  18:Core/Src/gpio.c ****   */
  19:Core/Src/gpio.c **** /* USER CODE END Header */
  20:Core/Src/gpio.c **** 
  21:Core/Src/gpio.c **** /* Includes ------------------------------------------------------------------*/
  22:Core/Src/gpio.c **** #include "gpio.h"
  23:Core/Src/gpio.c **** 
  24:Core/Src/gpio.c **** /* USER CODE BEGIN 0 */
  25:Core/Src/gpio.c **** 
  26:Core/Src/gpio.c **** /* USER CODE END 0 */
  27:Core/Src/gpio.c **** 
  28:Core/Src/gpio.c **** /*----------------------------------------------------------------------------*/
  29:Core/Src/gpio.c **** /* Configure GPIO                                                             */
  30:Core/Src/gpio.c **** /*----------------------------------------------------------------------------*/
ARM GAS  /tmp/ccPh3aWw.s 			page 2


  31:Core/Src/gpio.c **** /* USER CODE BEGIN 1 */
  32:Core/Src/gpio.c **** 
  33:Core/Src/gpio.c **** /* USER CODE END 1 */
  34:Core/Src/gpio.c **** 
  35:Core/Src/gpio.c **** /** Configure pins as
  36:Core/Src/gpio.c ****         * Analog
  37:Core/Src/gpio.c ****         * Input
  38:Core/Src/gpio.c ****         * Output
  39:Core/Src/gpio.c ****         * EVENT_OUT
  40:Core/Src/gpio.c ****         * EXTI
  41:Core/Src/gpio.c **** */
  42:Core/Src/gpio.c **** void MX_GPIO_Init(void)
  43:Core/Src/gpio.c **** {
  29              		.loc 1 43 1 view -0
  30              		.cfi_startproc
  31              		@ args = 0, pretend = 0, frame = 16
  32              		@ frame_needed = 0, uses_anonymous_args = 0
  33              		@ link register save eliminated.
  34 0000 84B0     		sub	sp, sp, #16
  35              	.LCFI0:
  36              		.cfi_def_cfa_offset 16
  44:Core/Src/gpio.c **** 
  45:Core/Src/gpio.c ****   /* GPIO Ports Clock Enable */
  46:Core/Src/gpio.c ****   __HAL_RCC_GPIOC_CLK_ENABLE();
  37              		.loc 1 46 3 view .LVU1
  38              	.LBB2:
  39              		.loc 1 46 3 view .LVU2
  40 0002 0022     		movs	r2, #0
  41 0004 0092     		str	r2, [sp]
  42              		.loc 1 46 3 view .LVU3
  43 0006 154B     		ldr	r3, .L3
  44 0008 196B     		ldr	r1, [r3, #48]
  45 000a 41F00401 		orr	r1, r1, #4
  46 000e 1963     		str	r1, [r3, #48]
  47              		.loc 1 46 3 view .LVU4
  48 0010 196B     		ldr	r1, [r3, #48]
  49 0012 01F00401 		and	r1, r1, #4
  50 0016 0091     		str	r1, [sp]
  51              		.loc 1 46 3 view .LVU5
  52 0018 0099     		ldr	r1, [sp]
  53              	.LBE2:
  54              		.loc 1 46 3 view .LVU6
  47:Core/Src/gpio.c ****   __HAL_RCC_GPIOH_CLK_ENABLE();
  55              		.loc 1 47 3 view .LVU7
  56              	.LBB3:
  57              		.loc 1 47 3 view .LVU8
  58 001a 0192     		str	r2, [sp, #4]
  59              		.loc 1 47 3 view .LVU9
  60 001c 196B     		ldr	r1, [r3, #48]
  61 001e 41F08001 		orr	r1, r1, #128
  62 0022 1963     		str	r1, [r3, #48]
  63              		.loc 1 47 3 view .LVU10
  64 0024 196B     		ldr	r1, [r3, #48]
  65 0026 01F08001 		and	r1, r1, #128
  66 002a 0191     		str	r1, [sp, #4]
  67              		.loc 1 47 3 view .LVU11
  68 002c 0199     		ldr	r1, [sp, #4]
ARM GAS  /tmp/ccPh3aWw.s 			page 3


  69              	.LBE3:
  70              		.loc 1 47 3 view .LVU12
  48:Core/Src/gpio.c ****   __HAL_RCC_GPIOA_CLK_ENABLE();
  71              		.loc 1 48 3 view .LVU13
  72              	.LBB4:
  73              		.loc 1 48 3 view .LVU14
  74 002e 0292     		str	r2, [sp, #8]
  75              		.loc 1 48 3 view .LVU15
  76 0030 196B     		ldr	r1, [r3, #48]
  77 0032 41F00101 		orr	r1, r1, #1
  78 0036 1963     		str	r1, [r3, #48]
  79              		.loc 1 48 3 view .LVU16
  80 0038 196B     		ldr	r1, [r3, #48]
  81 003a 01F00101 		and	r1, r1, #1
  82 003e 0291     		str	r1, [sp, #8]
  83              		.loc 1 48 3 view .LVU17
  84 0040 0299     		ldr	r1, [sp, #8]
  85              	.LBE4:
  86              		.loc 1 48 3 view .LVU18
  49:Core/Src/gpio.c ****   __HAL_RCC_GPIOE_CLK_ENABLE();
  87              		.loc 1 49 3 view .LVU19
  88              	.LBB5:
  89              		.loc 1 49 3 view .LVU20
  90 0042 0392     		str	r2, [sp, #12]
  91              		.loc 1 49 3 view .LVU21
  92 0044 1A6B     		ldr	r2, [r3, #48]
  93 0046 42F01002 		orr	r2, r2, #16
  94 004a 1A63     		str	r2, [r3, #48]
  95              		.loc 1 49 3 view .LVU22
  96 004c 1B6B     		ldr	r3, [r3, #48]
  97 004e 03F01003 		and	r3, r3, #16
  98 0052 0393     		str	r3, [sp, #12]
  99              		.loc 1 49 3 view .LVU23
 100 0054 039B     		ldr	r3, [sp, #12]
 101              	.LBE5:
 102              		.loc 1 49 3 view .LVU24
  50:Core/Src/gpio.c **** 
  51:Core/Src/gpio.c **** }
 103              		.loc 1 51 1 is_stmt 0 view .LVU25
 104 0056 04B0     		add	sp, sp, #16
 105              	.LCFI1:
 106              		.cfi_def_cfa_offset 0
 107              		@ sp needed
 108 0058 7047     		bx	lr
 109              	.L4:
 110 005a 00BF     		.align	2
 111              	.L3:
 112 005c 00380240 		.word	1073887232
 113              		.cfi_endproc
 114              	.LFE130:
 116              		.text
 117              	.Letext0:
 118              		.file 2 "Drivers/CMSIS/Device/ST/STM32F4xx/Include/stm32f407xx.h"
 119              		.file 3 "/usr/lib/gcc/arm-none-eabi/12.2.1/include/stdint.h"
ARM GAS  /tmp/ccPh3aWw.s 			page 4


DEFINED SYMBOLS
                            *ABS*:0000000000000000 gpio.c
     /tmp/ccPh3aWw.s:21     .text.MX_GPIO_Init:0000000000000000 $t
     /tmp/ccPh3aWw.s:27     .text.MX_GPIO_Init:0000000000000000 MX_GPIO_Init
     /tmp/ccPh3aWw.s:112    .text.MX_GPIO_Init:000000000000005c $d

NO UNDEFINED SYMBOLS
